[2019-12-20T10:07:11.246] [DEBUG] solr-node - [q] params:  [ 'q=%224%2F3%2F2016%22' ]
[2019-12-20T10:07:11.249] [DEBUG] solr-node - [fl] params:  [ 'q=%224%2F3%2F2016%22', 'fl=trnno' ]
[2019-12-20T10:07:11.249] [DEBUG] solr-node - [toString] params:  [ 'q=%224%2F3%2F2016%22',
  'fl=trnno',
  'wt=json',
  'df=trnno',
  'start=0',
  'rows=10' ]
[2019-12-20T10:07:11.249] [DEBUG] solr-node - [_requestGet] requestFullPath:  http://127.0.0.1:8983/solr/RAIL/select?q=%224%2F3%2F2016%22&fl=trnno&wt=json&df=trnno&start=0&rows=10
[2019-12-20T10:07:11.262] [ERROR] solr-node - Response {
  size: 0,
  timeout: 0,
  [Symbol(Body internals)]:
   { body:
      PassThrough {
        _readableState: [ReadableState],
        readable: true,
        _events: [Object],
        _eventsCount: 2,
        _maxListeners: undefined,
        _writableState: [WritableState],
        writable: false,
        allowHalfOpen: true,
        _transformState: [Object] },
     disturbed: false,
     error: null },
  [Symbol(Response internals)]:
   { url:
      'http://127.0.0.1:8983/solr/RAIL/select?q=%224%2F3%2F2016%22&fl=trnno&wt=json&df=trnno&start=0&rows=10',
     status: 400,
     statusText: 'Bad Request',
     headers: Headers { [Symbol(map)]: [Object] },
     counter: 0 } }
[2019-12-20T10:07:52.120] [DEBUG] solr-node - [_requestPost] requestFullPath:  http://127.0.0.1:8983/solr/RAIL/update?commit=true
[2019-12-20T10:07:52.122] [DEBUG] solr-node - [_requestPost] data:  { add:
   { doc:
      { tkttype: 'S',
        lap_elm_type: '3',
        lap_crt_session: '1',
        lap_del_session: '0',
        journey_date: '4/3/2016',
        brd_date: '4/3/2016',
        lap_cc_rt: '0',
        lap_cc_qt: '0',
        cls: '2S',
        remlocind: '0',
        numnonveg: '0',
        csfcls: '-1',
        prsidx: '1',
        trnno: '12110',
        lap_src_code: 'MMR',
        lap_dstn_code: 'DR',
        brdpt_code: 'MMR',
        resupto_code: 'DR',
        newrcosoft_code: '0',
        org_brdpt_code: 'MMR',
        org_resupto_code: 'DR',
        booking_date: '3/31/2016',
        pnd_amt: '0',
        name_elm_type: '2',
        name_crt_session: '1',
        name_del_session: '2',
        sess_formid: '5',
        sess_form_summary: 'Can Full',
        vcprind: '0',
        choice: '99',
        resfee_0: '15',
        cashbasefare: '90',
        oldcashbasefare: '0',
        concfr: '0',
        duptktfare: '0',
        oldcanfee_0: '0',
        clerikage_0: '0',
        oldcanfee_1: '60',
        clerikage_1: '0',
        status_0: 'CNF',
        acmqtind_0: '0',
        stnqt_0: '-1',
        coachno_0: '2',
        sb_type_0: '83',
        coach_id_0: 'D2',
        seat_no_0: '86',
        cbn_no_0: '8',
        racwlno_0: 'CNF',
        status_1: 'CNF',
        acmqtind_1: '0',
        stnqt_1: '-1',
        coachno_1: '2',
        sb_type_1: '83',
        coach_id_1: 'D2',
        seat_no_1: '86',
        cbn_no_1: '8',
        racwlno_1: 'CNF',
        n_status_0: 'NRO',
        n_acmqtind_0: '0',
        n_stnqt_0: '0',
        n_coachno_0: '0',
        n_sb_type_0: '0',
        n_seat_no_0: '0',
        n_cbn_no_0: '0',
        n_racwlno_0: 'NRO',
        n_status_1: 'CNF',
        n_racwlno_1: 'CNF',
        fare_elm_type: '5',
        fare_crt_session: '1',
        fare_del_session: '0',
        fullrefund: '0',
        fare_dist_0: '252',
        fare_dist_1: '0',
        rfndamt: '0',
        payment_type: 'C',
        jrny_elm_type: '8',
        jrny_crt_session: '1',
        jrny_del_session: '0',
        jrny_from: 'MMR',
        jrny_to: 'DR',
        bpttrn_type: '-1',
        head_verno: '2',
        head_elm_type: '1',
        head_last_sess: '2',
        head_nochart: '0',
        head_expday: '8',
        head_expmonth: '4',
        head_numpsgn: '0',
        head_canpsgn: '5',
        rtr_txid: '1308655626',
        pnrflag: '0',
        fi_earning: '60',
        fi_refund: '60',
        fi_concession: '0',
        fi_txn_type: 'C',
        fi_tkt_mode: 'G',
        upg_choice: 'Y',
        upg_yn: 'N',
        UC_STATUS_FLAG: '0',
        Field4: 'NKRSG',
        REM_LOC_CODE: 'MMR',
        RS_QUOTA_CODE: 'AA',
        berth_ctrl_stn: 'MMR',
        status_bkg_0: 'NRO',
        racwlno_bkg_0: 'NRO',
        TRNNO_OLD: '12110',
        Field8: 'SGN',
        'ENCRYPTION ': '824MD260MRS00S0R480086234' },
     overwrite: true } }
[2019-12-20T10:07:52.134] [DEBUG] solr-node - [_requestPost] requestFullPath:  http://127.0.0.1:8983/solr/RAIL/update?commit=true
[2019-12-20T10:07:52.134] [DEBUG] solr-node - [_requestPost] data:  { add:
   { doc:
      { tkttype: 'S',
        lap_elm_type: '3',
        lap_crt_session: '1',
        lap_del_session: '0',
        journey_date: '4/3/2016',
        brd_date: '4/3/2016',
        lap_cc_rt: '0',
        lap_cc_qt: '0',
        cls: '2S',
        remlocind: '0',
        numnonveg: '0',
        csfcls: '-1',
        prsidx: '1',
        trnno: '12110',
        lap_src_code: 'MMR',
        lap_dstn_code: 'DR',
        brdpt_code: 'MMR',
        resupto_code: 'DR',
        newrcosoft_code: '0',
        org_brdpt_code: 'MMR',
        org_resupto_code: 'DR',
        booking_date: '3/31/2016',
        pnd_amt: '0',
        name_elm_type: '2',
        name_crt_session: '1',
        name_del_session: '2',
        sess_formid: '5',
        sess_form_summary: 'Can Full',
        vcprind: '0',
        choice: '99',
        resfee_0: '15',
        cashbasefare: '90',
        oldcashbasefare: '0',
        concfr: '0',
        duptktfare: '0',
        oldcanfee_0: '0',
        clerikage_0: '0',
        oldcanfee_1: '60',
        clerikage_1: '0',
        status_0: 'CNF',
        acmqtind_0: '0',
        stnqt_0: '-1',
        coachno_0: '2',
        sb_type_0: '83',
        coach_id_0: 'D2',
        seat_no_0: '87',
        cbn_no_0: '8',
        racwlno_0: 'CNF',
        status_1: 'CNF',
        acmqtind_1: '0',
        stnqt_1: '-1',
        coachno_1: '2',
        sb_type_1: '83',
        coach_id_1: 'D2',
        seat_no_1: '87',
        cbn_no_1: '8',
        racwlno_1: 'CNF',
        n_status_0: 'NRO',
        n_acmqtind_0: '0',
        n_stnqt_0: '0',
        n_coachno_0: '0',
        n_sb_type_0: '0',
        n_seat_no_0: '0',
        n_cbn_no_0: '0',
        n_racwlno_0: 'NRO',
        n_status_1: 'CNF',
        n_racwlno_1: 'CNF',
        fare_elm_type: '5',
        fare_crt_session: '1',
        fare_del_session: '0',
        fullrefund: '0',
        fare_dist_0: '252',
        fare_dist_1: '0',
        rfndamt: '0',
        payment_type: 'C',
        jrny_elm_type: '8',
        jrny_crt_session: '1',
        jrny_del_session: '0',
        jrny_from: 'MMR',
        jrny_to: 'DR',
        bpttrn_type: '-1',
        head_verno: '2',
        head_elm_type: '1',
        head_last_sess: '2',
        head_nochart: '0',
        head_expday: '8',
        head_expmonth: '4',
        head_numpsgn: '0',
        head_canpsgn: '5',
        rtr_txid: '1308655626',
        pnrflag: '0',
        fi_earning: '60',
        fi_refund: '60',
        fi_concession: '0',
        fi_txn_type: 'C',
        fi_tkt_mode: 'G',
        upg_choice: 'Y',
        upg_yn: 'N',
        UC_STATUS_FLAG: '0',
        Field4: 'NKRSG',
        REM_LOC_CODE: 'MMR',
        RS_QUOTA_CODE: 'AA',
        berth_ctrl_stn: 'MMR',
        status_bkg_0: 'NRO',
        racwlno_bkg_0: 'NRO',
        TRNNO_OLD: '12110',
        Field8: 'SGN',
        'ENCRYPTION ': 'ABCDEFGHIJKLMNOPQRSTUV' },
     overwrite: true } }
[2019-12-20T10:08:13.130] [DEBUG] solr-node - [q] params:  [ 'q=%22ABCDEFGHIJKLMNOPQRSTUV%22' ]
[2019-12-20T10:08:13.131] [DEBUG] solr-node - [fl] params:  [ 'q=%22ABCDEFGHIJKLMNOPQRSTUV%22', 'fl=' ]
[2019-12-20T10:08:13.132] [DEBUG] solr-node - [toString] params:  [ 'q=%22ABCDEFGHIJKLMNOPQRSTUV%22',
  'fl=',
  'wt=json',
  'start=0',
  'rows=10' ]
[2019-12-20T10:08:13.132] [DEBUG] solr-node - [_requestGet] requestFullPath:  http://127.0.0.1:8983/solr/RAIL/select?q=%22ABCDEFGHIJKLMNOPQRSTUV%22&fl=&wt=json&start=0&rows=10
[2019-12-20T14:15:02.482] [DEBUG] solr-node - [q] params:  [ 'q=*%3A*' ]
[2019-12-20T14:15:02.487] [DEBUG] solr-node - [fl] params:  [ 'q=*%3A*', 'fl=' ]
[2019-12-20T14:15:02.487] [DEBUG] solr-node - [toString] params:  [ 'q=*%3A*', 'fl=', 'wt=json', 'start=0', 'rows=10' ]
[2019-12-20T14:15:02.487] [DEBUG] solr-node - [_requestGet] requestFullPath:  http://127.0.0.1:8983/solr/RAIL/select?q=*%3A*&fl=&wt=json&start=0&rows=10
[2019-12-20T14:15:31.881] [DEBUG] solr-node - [q] params:  [ 'q=4%2F3%2F2016%20' ]
[2019-12-20T14:15:31.881] [DEBUG] solr-node - [fl] params:  [ 'q=4%2F3%2F2016%20', 'fl=' ]
[2019-12-20T14:15:31.881] [DEBUG] solr-node - [toString] params:  [ 'q=4%2F3%2F2016%20', 'fl=', 'wt=json', 'start=0', 'rows=10' ]
[2019-12-20T14:15:31.881] [DEBUG] solr-node - [_requestGet] requestFullPath:  http://127.0.0.1:8983/solr/RAIL/select?q=4%2F3%2F2016%20&fl=&wt=json&start=0&rows=10
[2019-12-20T14:15:47.523] [DEBUG] solr-node - [q] params:  [ 'q=4%2F3%2F2016%20MMR%2CCSTM' ]
[2019-12-20T14:15:47.523] [DEBUG] solr-node - [fl] params:  [ 'q=4%2F3%2F2016%20MMR%2CCSTM', 'fl=' ]
[2019-12-20T14:15:47.523] [DEBUG] solr-node - [toString] params:  [ 'q=4%2F3%2F2016%20MMR%2CCSTM',
  'fl=',
  'wt=json',
  'start=0',
  'rows=10' ]
[2019-12-20T14:15:47.523] [DEBUG] solr-node - [_requestGet] requestFullPath:  http://127.0.0.1:8983/solr/RAIL/select?q=4%2F3%2F2016%20MMR%2CCSTM&fl=&wt=json&start=0&rows=10
[2019-12-20T14:16:00.442] [DEBUG] solr-node - [q] params:  [ 'q=4%2F3%2F2016%20MMR%2CCSTM' ]
[2019-12-20T14:16:00.442] [DEBUG] solr-node - [fl] params:  [ 'q=4%2F3%2F2016%20MMR%2CCSTM', 'fl=journey_date' ]
[2019-12-20T14:16:00.442] [DEBUG] solr-node - [toString] params:  [ 'q=4%2F3%2F2016%20MMR%2CCSTM',
  'fl=journey_date',
  'wt=json',
  'start=0',
  'rows=10' ]
[2019-12-20T14:16:00.442] [DEBUG] solr-node - [_requestGet] requestFullPath:  http://127.0.0.1:8983/solr/RAIL/select?q=4%2F3%2F2016%20MMR%2CCSTM&fl=journey_date&wt=json&start=0&rows=10
[2019-12-20T14:16:14.387] [DEBUG] solr-node - [q] params:  [ 'q=MMR%20CSTM' ]
[2019-12-20T14:16:14.388] [DEBUG] solr-node - [fl] params:  [ 'q=MMR%20CSTM', 'fl=journey_date' ]
[2019-12-20T14:16:14.388] [DEBUG] solr-node - [facetQuery] params:  [ 'q=MMR%20CSTM',
  'fl=journey_date',
  'wt=json',
  'facet=true',
  'facet.query=',
  'facet.field=journey_date' ]
[2019-12-20T14:16:14.388] [DEBUG] solr-node - [toString] params:  [ 'q=MMR%20CSTM',
  'fl=journey_date',
  'wt=json',
  'facet=true',
  'facet.query=',
  'facet.field=journey_date',
  'start=0',
  'rows=10' ]
[2019-12-20T14:16:14.388] [DEBUG] solr-node - [_requestGet] requestFullPath:  http://127.0.0.1:8983/solr/RAIL/select?q=MMR%20CSTM&fl=journey_date&wt=json&facet=true&facet.query=&facet.field=journey_date&start=0&rows=10
[2019-12-20T14:16:47.280] [DEBUG] solr-node - [_requestPost] requestFullPath:  http://127.0.0.1:8983/solr/RAIL/update?commit=true
[2019-12-20T14:16:47.280] [DEBUG] solr-node - [_requestPost] data:  { add:
   { doc:
      { tkttype: 'S',
        lap_elm_type: '3',
        lap_crt_session: '1',
        lap_del_session: '0',
        journey_date: '4/3/2016',
        brd_date: '4/3/2016',
        lap_cc_rt: '0',
        lap_cc_qt: '0',
        cls: '2S',
        remlocind: '0',
        numnonveg: '0',
        csfcls: '-1',
        prsidx: '1',
        trnno: '12110',
        lap_src_code: 'MMR',
        lap_dstn_code: 'DR',
        brdpt_code: 'MMR',
        resupto_code: 'DR',
        newrcosoft_code: '0',
        org_brdpt_code: 'MMR',
        org_resupto_code: 'DR',
        booking_date: '3/31/2016',
        pnd_amt: '0',
        name_elm_type: '2',
        name_crt_session: '1',
        name_del_session: '2',
        sess_formid: '5',
        sess_form_summary: 'Can Full',
        vcprind: '0',
        choice: '99',
        resfee_0: '15',
        cashbasefare: '90',
        oldcashbasefare: '0',
        concfr: '0',
        duptktfare: '0',
        oldcanfee_0: '0',
        clerikage_0: '0',
        oldcanfee_1: '60',
        clerikage_1: '0',
        status_0: 'CNF',
        acmqtind_0: '0',
        stnqt_0: '-1',
        coachno_0: '2',
        sb_type_0: '83',
        coach_id_0: 'D2',
        seat_no_0: '86',
        cbn_no_0: '8',
        racwlno_0: 'CNF',
        status_1: 'CNF',
        acmqtind_1: '0',
        stnqt_1: '-1',
        coachno_1: '2',
        sb_type_1: '83',
        coach_id_1: 'D2',
        seat_no_1: '86',
        cbn_no_1: '8',
        racwlno_1: 'CNF',
        n_status_0: 'NRO',
        n_acmqtind_0: '0',
        n_stnqt_0: '0',
        n_coachno_0: '0',
        n_sb_type_0: '0',
        n_seat_no_0: '0',
        n_cbn_no_0: '0',
        n_racwlno_0: 'NRO',
        n_status_1: 'CNF',
        n_racwlno_1: 'CNF',
        fare_elm_type: '5',
        fare_crt_session: '1',
        fare_del_session: '0',
        fullrefund: '0',
        fare_dist_0: '252',
        fare_dist_1: '0',
        rfndamt: '0',
        payment_type: 'C',
        jrny_elm_type: '8',
        jrny_crt_session: '1',
        jrny_del_session: '0',
        jrny_from: 'MMR',
        jrny_to: 'DR',
        bpttrn_type: '-1',
        head_verno: '2',
        head_elm_type: '1',
        head_last_sess: '2',
        head_nochart: '0',
        head_expday: '8',
        head_expmonth: '4',
        head_numpsgn: '0',
        head_canpsgn: '5',
        rtr_txid: '1308655626',
        pnrflag: '0',
        fi_earning: '60',
        fi_refund: '60',
        fi_concession: '0',
        fi_txn_type: 'C',
        fi_tkt_mode: 'G',
        upg_choice: 'Y',
        upg_yn: 'N',
        UC_STATUS_FLAG: '0',
        Field4: 'NKRSG',
        REM_LOC_CODE: 'MMR',
        RS_QUOTA_CODE: 'AA',
        berth_ctrl_stn: 'MMR',
        status_bkg_0: 'NRO',
        racwlno_bkg_0: 'NRO',
        TRNNO_OLD: '12110',
        Field8: 'SGN',
        'ENCRYPTION ': '824MD260MRS00S0R480086234' },
     overwrite: true } }
[2019-12-20T14:16:47.281] [DEBUG] solr-node - [_requestPost] requestFullPath:  http://127.0.0.1:8983/solr/RAIL/update?commit=true
[2019-12-20T14:16:47.281] [DEBUG] solr-node - [_requestPost] data:  { add:
   { doc:
      { tkttype: 'S',
        lap_elm_type: '3',
        lap_crt_session: '1',
        lap_del_session: '0',
        journey_date: '4/3/2016',
        brd_date: '4/3/2016',
        lap_cc_rt: '0',
        lap_cc_qt: '0',
        cls: '2S',
        remlocind: '0',
        numnonveg: '0',
        csfcls: '-1',
        prsidx: '1',
        trnno: '12110',
        lap_src_code: 'MMR',
        lap_dstn_code: 'DR',
        brdpt_code: 'MMR',
        resupto_code: 'DR',
        newrcosoft_code: '0',
        org_brdpt_code: 'MMR',
        org_resupto_code: 'DR',
        booking_date: '3/31/2016',
        pnd_amt: '0',
        name_elm_type: '2',
        name_crt_session: '1',
        name_del_session: '2',
        sess_formid: '5',
        sess_form_summary: 'Can Full',
        vcprind: '0',
        choice: '99',
        resfee_0: '15',
        cashbasefare: '90',
        oldcashbasefare: '0',
        concfr: '0',
        duptktfare: '0',
        oldcanfee_0: '0',
        clerikage_0: '0',
        oldcanfee_1: '60',
        clerikage_1: '0',
        status_0: 'CNF',
        acmqtind_0: '0',
        stnqt_0: '-1',
        coachno_0: '2',
        sb_type_0: '83',
        coach_id_0: 'D2',
        seat_no_0: '87',
        cbn_no_0: '8',
        racwlno_0: 'CNF',
        status_1: 'CNF',
        acmqtind_1: '0',
        stnqt_1: '-1',
        coachno_1: '2',
        sb_type_1: '83',
        coach_id_1: 'D2',
        seat_no_1: '87',
        cbn_no_1: '8',
        racwlno_1: 'CNF',
        n_status_0: 'NRO',
        n_acmqtind_0: '0',
        n_stnqt_0: '0',
        n_coachno_0: '0',
        n_sb_type_0: '0',
        n_seat_no_0: '0',
        n_cbn_no_0: '0',
        n_racwlno_0: 'NRO',
        n_status_1: 'CNF',
        n_racwlno_1: 'CNF',
        fare_elm_type: '5',
        fare_crt_session: '1',
        fare_del_session: '0',
        fullrefund: '0',
        fare_dist_0: '252',
        fare_dist_1: '0',
        rfndamt: '0',
        payment_type: 'C',
        jrny_elm_type: '8',
        jrny_crt_session: '1',
        jrny_del_session: '0',
        jrny_from: 'MMR',
        jrny_to: 'DR',
        bpttrn_type: '-1',
        head_verno: '2',
        head_elm_type: '1',
        head_last_sess: '2',
        head_nochart: '0',
        head_expday: '8',
        head_expmonth: '4',
        head_numpsgn: '0',
        head_canpsgn: '5',
        rtr_txid: '1308655626',
        pnrflag: '0',
        fi_earning: '60',
        fi_refund: '60',
        fi_concession: '0',
        fi_txn_type: 'C',
        fi_tkt_mode: 'G',
        upg_choice: 'Y',
        upg_yn: 'N',
        UC_STATUS_FLAG: '0',
        Field4: 'NKRSG',
        REM_LOC_CODE: 'MMR',
        RS_QUOTA_CODE: 'AA',
        berth_ctrl_stn: 'MMR',
        status_bkg_0: 'NRO',
        racwlno_bkg_0: 'NRO',
        TRNNO_OLD: '12110',
        Field8: 'SGN',
        'ENCRYPTION ': 'ABCDEFGHIJKLMNOPQRSTUV' },
     overwrite: true } }
